<?xml version="1.0" encoding="UTF-8"?>
<!-- Generated by org.testng.reporters.JUnitXMLReporter -->
<testsuite ignored="0" hostname="LAPTOP-4V52DMIG" failures="1" tests="12" name="Test" time="107.898" errors="0" timestamp="2021-04-06T16:15:09 IST">
  <testcase classname="tests.RegisterAccountTest" name="registerNewAccountWithMandatoryFieldsTest" time="6.766"/>
  <testcase classname="tests.RegisterAccountTest" name="registerNewAccountWithSubscriptionTest" time="7.101"/>
  <testcase classname="tests.RegisterAccountTest" name="registerNewAccountWithoutEnteringAnyFeildsTest" time="5.308"/>
  <testcase classname="tests.LoginTest" name="loginWithInValidCredentailsTest" time="5.155"/>
  <testcase classname="tests.LoginTest" name="loginWithValidCredentailsTest" time="3.983"/>
  <testcase classname="tests.LoginTest" name="loginWithoutProvidingAnyCredentailsTest" time="12.73">
    <failure type="org.openqa.selenium.NoSuchElementException" message="no such element: Unable to locate element: {&amp;quot;method&amp;quot;:&amp;quot;css selector&amp;quot;,&amp;quot;selector&amp;quot;:&amp;quot;div[class=&amp;apos;alert alert-danger alert-dismissible&amp;apos;]&amp;quot;}
  (Session info: chrome=89.0.4389.114)
For documentation on this error, please visit: https://www.seleniumhq.org/exceptions/no_such_element.html
Build info: version: &amp;apos;3.141.59&amp;apos;, revision: &amp;apos;e82be7d358&amp;apos;, time: &amp;apos;2018-11-14T08:17:03&amp;apos;
System info: host: &amp;apos;LAPTOP-4V52DMIG&amp;apos;, ip: &amp;apos;192.168.56.1&amp;apos;, os.name: &amp;apos;Windows 10&amp;apos;, os.arch: &amp;apos;amd64&amp;apos;, os.version: &amp;apos;10.0&amp;apos;, java.version: &amp;apos;11.0.10&amp;apos;
Driver info: org.openqa.selenium.chrome.ChromeDriver
Capabilities {acceptInsecureCerts: false, browserName: chrome, browserVersion: 89.0.4389.114, chrome: {chromedriverVersion: 89.0.4389.23 (61b08ee2c5002..., userDataDir: C:\Users\arunm\AppData\Loca...}, goog:chromeOptions: {debuggerAddress: localhost:65101}, javascriptEnabled: true, networkConnectionEnabled: false, pageLoadStrategy: normal, platform: WINDOWS, platformName: WINDOWS, proxy: Proxy(), setWindowRect: true, strictFileInteractability: false, timeouts: {implicit: 0, pageLoad: 300000, script: 30000}, unhandledPromptBehavior: dismiss and notify, webauthn:extension:largeBlob: true, webauthn:virtualAuthenticators: true}
Session ID: d2e65e3fb728ee6e926d496b1a3cf8c1
*** Element info: {Using=css selector, value=div[class=&amp;apos;alert alert-danger alert-dismissible&amp;apos;]}">
      <![CDATA[org.openqa.selenium.NoSuchElementException: no such element: Unable to locate element: {"method":"css selector","selector":"div[class='alert alert-danger alert-dismissible']"}
  (Session info: chrome=89.0.4389.114)
For documentation on this error, please visit: https://www.seleniumhq.org/exceptions/no_such_element.html
Build info: version: '3.141.59', revision: 'e82be7d358', time: '2018-11-14T08:17:03'
System info: host: 'LAPTOP-4V52DMIG', ip: '192.168.56.1', os.name: 'Windows 10', os.arch: 'amd64', os.version: '10.0', java.version: '11.0.10'
Driver info: org.openqa.selenium.chrome.ChromeDriver
Capabilities {acceptInsecureCerts: false, browserName: chrome, browserVersion: 89.0.4389.114, chrome: {chromedriverVersion: 89.0.4389.23 (61b08ee2c5002..., userDataDir: C:\Users\arunm\AppData\Loca...}, goog:chromeOptions: {debuggerAddress: localhost:65101}, javascriptEnabled: true, networkConnectionEnabled: false, pageLoadStrategy: normal, platform: WINDOWS, platformName: WINDOWS, proxy: Proxy(), setWindowRect: true, strictFileInteractability: false, timeouts: {implicit: 0, pageLoad: 300000, script: 30000}, unhandledPromptBehavior: dismiss and notify, webauthn:extension:largeBlob: true, webauthn:virtualAuthenticators: true}
Session ID: d2e65e3fb728ee6e926d496b1a3cf8c1
*** Element info: {Using=css selector, value=div[class='alert alert-danger alert-dismissible']}
at org.openqa.selenium.remote.http.W3CHttpResponseCodec.createException(W3CHttpResponseCodec.java:187)
at org.openqa.selenium.remote.http.W3CHttpResponseCodec.decode(W3CHttpResponseCodec.java:122)
at org.openqa.selenium.remote.http.W3CHttpResponseCodec.decode(W3CHttpResponseCodec.java:49)
at org.openqa.selenium.remote.HttpCommandExecutor.execute(HttpCommandExecutor.java:158)
at org.openqa.selenium.remote.service.DriverCommandExecutor.execute(DriverCommandExecutor.java:83)
at org.openqa.selenium.remote.RemoteWebDriver.execute(RemoteWebDriver.java:552)
at org.openqa.selenium.remote.RemoteWebDriver.findElement(RemoteWebDriver.java:323)
at org.openqa.selenium.remote.RemoteWebDriver.findElementByCssSelector(RemoteWebDriver.java:420)
at org.openqa.selenium.By$ByCssSelector.findElement(By.java:431)
at org.openqa.selenium.remote.RemoteWebDriver.findElement(RemoteWebDriver.java:315)
at org.openqa.selenium.support.pagefactory.DefaultElementLocator.findElement(DefaultElementLocator.java:69)
at org.openqa.selenium.support.pagefactory.internal.LocatingElementHandler.invoke(LocatingElementHandler.java:38)
at com.sun.proxy.$Proxy12.getText(Unknown Source)
at tests.LoginTest.loginWithoutProvidingAnyCredentailsTest(LoginTest.java:94)
at java.base/java.util.ArrayList.forEach(ArrayList.java:1541)
... Removed 31 stack frames]]>
    </failure>
  </testcase> <!-- loginWithoutProvidingAnyCredentailsTest -->
  <testcase classname="tests.ForgotPasswordTest" name="resetPasswordForInvalidEmailAddressTest" time="4.669"/>
  <testcase classname="tests.ForgotPasswordTest" name="resetPasswordTest" time="7.672"/>
  <testcase classname="tests.ForgotPasswordTest" name="resetPasswordWithoutProvidingEmailAddressTest" time="3.483"/>
  <testcase classname="tests.SearchTest" name="searchForANonExistingProductTest" time="3.475"/>
  <testcase classname="tests.SearchTest" name="searchTest" time="4.587"/>
  <testcase classname="tests.SearchTest" name="searchWithoutProvidingAnyProductTest" time="2.616"/>
</testsuite> <!-- Test -->
